autoconf 2.69 is located under /share/pkg/autoconf/2.69
automake 1.15 is located under /share/pkg/automake/1.15
boost 1.61.0 is located under /share/pkg/boost/1.61.0
cmake 3.2.2 is located under /share/pkg/cmake/3.2.2
gdal 1.11.2 is located under /share/pkg/gdal/1.11.2
libcurl 7.37.0 is located under /share/pkg/libcurl/7.37.0
openmpi 2.0.1 is located under /share/pkg/openmpi/2.0.1
proj.4 4.9.0 is located under /share/pkg/proj.4/4.9.0
python 2.7.9 is located under /share/pkg/python/2.7.9
sqlite 3080600 is located under /share/pkg/sqlite/3080600
xerces-c 3.1.1 is located under /share/pkg/xerces-c/3.1.1
[warn] Epoll ADD(1) on fd 0 failed.  Old events were 0; read change was 1 (add); write change was 0 (none): Operation not permitted
[warn] Epoll ADD(4) on fd 1 failed.  Old events were 0; read change was 0 (none); write change was 1 (add): Operation not permitted
[warn] Epoll ADD(4) on fd 2 failed.  Old events were 0; read change was 0 (none); write change was 1 (add): Operation not permitted
[c31b01:46724] 72 more processes have sent help message help-mpi-common-cuda.txt / dlopen failed
[c31b01:46724] Set MCA parameter "orte_base_help_aggregate" to 0 to see all help / error messages
Traceback (most recent call last):
  File "run_mpi.py", line 27, in <module>
    start()
  File "run_mpi.py", line 17, in start
    ss = SumoSim(rank)
TypeError: this constructor takes no arguments
Traceback (most recent call last):
  File "run_mpi.py", line 27, in <module>
    start()
  File "run_mpi.py", line 17, in start
    ss = SumoSim(rank)
TypeError: this constructor takes no arguments
Traceback (most recent call last):
  File "run_mpi.py", line 27, in <module>
Traceback (most recent call last):
  File "run_mpi.py", line 27, in <module>
    start()
  File "run_mpi.py", line 17, in start
Traceback (most recent call last):
  File "run_mpi.py", line 27, in <module>
    start()
  File "run_mpi.py", line 17, in start
    ss = SumoSim(rank)
TypeError: this constructor takes no arguments
    ss = SumoSim(rank)
TypeError: this constructor takes no arguments
Traceback (most recent call last):
  File "run_mpi.py", line 27, in <module>
    start()
  File "run_mpi.py", line 17, in start
    ss = SumoSim(rank)
TypeError: this constructor takes no arguments
    start()
  File "run_mpi.py", line 17, in start
Traceback (most recent call last):
  File "run_mpi.py", line 27, in <module>
Traceback (most recent call last):
  File "run_mpi.py", line 27, in <module>
    ss = SumoSim(rank)
TypeError: this constructor takes no arguments
    start()
  File "run_mpi.py", line 17, in start
    ss = SumoSim(rank)
    TypeError: this constructor takes no arguments
start()
  File "run_mpi.py", line 17, in start
    ss = SumoSim(rank)
TypeError: this constructor takes no arguments
Traceback (most recent call last):
  File "run_mpi.py", line 27, in <module>
    start()
  File "run_mpi.py", line 17, in start
    ss = SumoSim(rank)
TypeError: this constructor takes no arguments
Traceback (most recent call last):
  File "run_mpi.py", line 27, in <module>
    start()
  File "run_mpi.py", line 17, in start
    ss = SumoSim(rank)
TypeError: this constructor takes no arguments
Traceback (most recent call last):
  File "run_mpi.py", line 27, in <module>
    start()
  File "run_mpi.py", line 17, in start
    ss = SumoSim(rank)
TypeError: this constructor takes no arguments
Traceback (most recent call last):
  File "run_mpi.py", line 27, in <module>
    start()
  File "run_mpi.py", line 17, in start
    ss = SumoSim(rank)
TypeError: this constructor takes no arguments
Traceback (most recent call last):
  File "run_mpi.py", line 27, in <module>
    start()
  File "run_mpi.py", line 17, in start
    ss = SumoSim(rank)
TypeError: this constructor takes no arguments
Traceback (most recent call last):
  File "run_mpi.py", line 27, in <module>
    start()
  File "run_mpi.py", line 17, in start
    ss = SumoSim(rank)
TypeError: this constructor takes no arguments
Traceback (most recent call last):
  File "run_mpi.py", line 27, in <module>
    start()
  File "run_mpi.py", line 17, in start
    ss = SumoSim(rank)
TypeError: this constructor takes no arguments
Traceback (most recent call last):
  File "run_mpi.py", line 27, in <module>
    start()
  File "run_mpi.py", line 17, in start
    ss = SumoSim(rank)
TypeError: this constructor takes no arguments
Traceback (most recent call last):
  File "run_mpi.py", line 27, in <module>
    start()
  File "run_mpi.py", line 17, in start
    ss = SumoSim(rank)
TypeError: this constructor takes no arguments
Traceback (most recent call last):
  File "run_mpi.py", line 27, in <module>
    start()
Traceback (most recent call last):
  File "run_mpi.py", line 27, in <module>
  File "run_mpi.py", line 17, in start
Traceback (most recent call last):
  File "run_mpi.py", line 27, in <module>
    start()
  File "run_mpi.py", line 17, in start
        ss = SumoSim(rank)
    start()
  File "run_mpi.py", line 17, in start
TypeError: ss = SumoSim(rank)
this constructor takes no arguments
TypeError: this constructor takes no arguments
    ss = SumoSim(rank)
TypeError: this constructor takes no arguments
Traceback (most recent call last):
  File "run_mpi.py", line 27, in <module>
    start()
  File "run_mpi.py", line 17, in start
    ss = SumoSim(rank)
TypeError: this constructor takes no arguments
Traceback (most recent call last):
  File "run_mpi.py", line 27, in <module>
Traceback (most recent call last):
  File "run_mpi.py", line 27, in <module>
Traceback (most recent call last):
  File "run_mpi.py", line 27, in <module>
    start()
  File "run_mpi.py", line 17, in start
    ss = SumoSim(rank)
TypeError: this constructor takes no arguments
Traceback (most recent call last):
  File "run_mpi.py", line 27, in <module>
    start()
  File "run_mpi.py", line 17, in start
    ss = SumoSim(rank)
TypeError: this constructor takes no arguments
    start()
  File "run_mpi.py", line 17, in start
    start()
  File "run_mpi.py", line 17, in start
Traceback (most recent call last):
  File "run_mpi.py", line 27, in <module>
    ss = SumoSim(rank)
    start()
  File "run_mpi.py", line 17, in start
TypeError: this constructor takes no arguments
    ss = SumoSim(rank)
TypeError: this constructor takes no arguments
    ss = SumoSim(rank)
TypeError: this constructor takes no arguments
Traceback (most recent call last):
  File "run_mpi.py", line 27, in <module>
Traceback (most recent call last):
  File "run_mpi.py", line 27, in <module>
    start()
  File "run_mpi.py", line 17, in start
    start()
  File "run_mpi.py", line 17, in start
Traceback (most recent call last):
    ss = SumoSim(rank)
  File "run_mpi.py", line 27, in <module>
TypeError: this constructor takes no arguments
Traceback (most recent call last):
  File "run_mpi.py", line 27, in <module>
    start()
  File "run_mpi.py", line 17, in start
    ss = SumoSim(rank)
TypeError: this constructor takes no arguments
Traceback (most recent call last):
  File "run_mpi.py", line 27, in <module>
Traceback (most recent call last):
  File "run_mpi.py", line 27, in <module>
Traceback (most recent call last):
  File "run_mpi.py", line 27, in <module>
    start()
  File "run_mpi.py", line 17, in start
    ss = SumoSim(rank)
TypeError: this constructor takes no arguments
    ss = SumoSim(rank)
TypeError: this constructor takes no arguments
    start()
  File "run_mpi.py", line 17, in start
    start()
  File "run_mpi.py", line 17, in start
    start()
  File "run_mpi.py", line 17, in start
Traceback (most recent call last):
  File "run_mpi.py", line 27, in <module>
    start()
  File "run_mpi.py", line 17, in start
    ss = SumoSim(rank)
TypeError: this constructor takes no arguments
        ss = SumoSim(rank)
TypeError: this constructor takes no arguments
    ss = SumoSim(rank)
TypeError: this constructor takes no arguments
ss = SumoSim(rank)
TypeError: this constructor takes no arguments
Traceback (most recent call last):
  File "run_mpi.py", line 27, in <module>
    start()
  File "run_mpi.py", line 17, in start
    ss = SumoSim(rank)
TypeError: this constructor takes no arguments
Traceback (most recent call last):
  File "run_mpi.py", line 27, in <module>
Traceback (most recent call last):
  File "run_mpi.py", line 27, in <module>
    start()
  File "run_mpi.py", line 17, in start
    start()
  File "run_mpi.py", line 17, in start
    ss = SumoSim(rank)
TypeError: this constructor takes no arguments
    ss = SumoSim(rank)
TypeError: this constructor takes no arguments
Traceback (most recent call last):
  File "run_mpi.py", line 27, in <module>
    start()
  File "run_mpi.py", line 17, in start
    ss = SumoSim(rank)
TypeError: this constructor takes no arguments
Traceback (most recent call last):
  File "run_mpi.py", line 27, in <module>
Traceback (most recent call last):
  File "run_mpi.py", line 27, in <module>
    start()
  File "run_mpi.py", line 17, in start
    start()
  File "run_mpi.py", line 17, in start
    ss = SumoSim(rank)
TypeError: this constructor takes no arguments
    ss = SumoSim(rank)
TypeError: this constructor takes no arguments
Traceback (most recent call last):
  File "run_mpi.py", line 27, in <module>
    start()
  File "run_mpi.py", line 17, in start
    ss = SumoSim(rank)
TypeError: this constructor takes no arguments
Traceback (most recent call last):
  File "run_mpi.py", line 27, in <module>
    start()
  File "run_mpi.py", line 17, in start
    ss = SumoSim(rank)
TypeError: this constructor takes no arguments
Traceback (most recent call last):
  File "run_mpi.py", line 27, in <module>
    start()
  File "run_mpi.py", line 17, in start
Traceback (most recent call last):
  File "run_mpi.py", line 27, in <module>
    ss = SumoSim(rank)
TypeError: this constructor takes no arguments
Traceback (most recent call last):
  File "run_mpi.py", line 27, in <module>
    start()
  File "run_mpi.py", line 17, in start
    ss = SumoSim(rank)
TypeError    start()
:   File "run_mpi.py", line 17, in start
this constructor takes no arguments    ss = SumoSim(rank)

TypeError: this constructor takes no arguments
Traceback (most recent call last):
  File "run_mpi.py", line 27, in <module>
    start()
  File "run_mpi.py", line 17, in start
    ss = SumoSim(rank)
TypeError: this constructor takes no arguments
Traceback (most recent call last):
  File "run_mpi.py", line 27, in <module>
    start()
  File "run_mpi.py", line 17, in start
    ss = SumoSim(rank)
TypeError: this constructor takes no arguments
Traceback (most recent call last):
  File "run_mpi.py", line 27, in <module>
    start()
  File "run_mpi.py", line 17, in start
    ss = SumoSim(rank)
TypeError: this constructor takes no arguments
Traceback (most recent call last):
  File "run_mpi.py", line 27, in <module>
    start()
  File "run_mpi.py", line 17, in start
    ss = SumoSim(rank)
TypeError: this constructor takes no arguments
Traceback (most recent call last):
  File "run_mpi.py", line 27, in <module>
    start()
  File "run_mpi.py", line 17, in start
    ss = SumoSim(rank)
TypeError: this constructor takes no arguments
Traceback (most recent call last):
  File "run_mpi.py", line 27, in <module>
Traceback (most recent call last):
  File "run_mpi.py", line 27, in <module>
    start()
  File "run_mpi.py", line 17, in start
    start()
    ss = SumoSim(rank)
  File "run_mpi.py", line 17, in start
TypeError: this constructor takes no arguments
    ss = SumoSim(rank)
TypeError: this constructor takes no arguments
Traceback (most recent call last):
  File "run_mpi.py", line 27, in <module>
    start()
  File "run_mpi.py", line 17, in start
    ss = SumoSim(rank)
TypeError: this constructor takes no arguments
Traceback (most recent call last):
  File "run_mpi.py", line 27, in <module>
    start()
  File "run_mpi.py", line 17, in start
    ss = SumoSim(rank)
TypeError: this constructor takes no arguments
Traceback (most recent call last):
  File "run_mpi.py", line 27, in <module>
    start()
  File "run_mpi.py", line 17, in start
    ss = SumoSim(rank)
TypeError: this constructor takes no arguments
Traceback (most recent call last):
  File "run_mpi.py", line 27, in <module>
Traceback (most recent call last):
  File "run_mpi.py", line 27, in <module>
    start()
  File "run_mpi.py", line 17, in start
    start()
  File "run_mpi.py", line 17, in start
    ss = SumoSim(rank)
TypeError: this constructor takes no arguments
    ss = SumoSim(rank)
TypeError: this constructor takes no arguments
Traceback (most recent call last):
  File "run_mpi.py", line 27, in <module>
    start()
  File "run_mpi.py", line 17, in start
    ss = SumoSim(rank)
TypeError: this constructor takes no arguments
Traceback (most recent call last):
  File "run_mpi.py", line 27, in <module>
    start()
  File "run_mpi.py", line 17, in start
    ss = SumoSim(rank)
TypeError: this constructor takes no arguments
Traceback (most recent call last):
  File "run_mpi.py", line 27, in <module>
    start()
  File "run_mpi.py", line 17, in start
    ss = SumoSim(rank)
TypeError: this constructor takes no arguments
Traceback (most recent call last):
  File "run_mpi.py", line 27, in <module>
    start()
  File "run_mpi.py", line 17, in start
    ss = SumoSim(rank)
TypeError: this constructor takes no arguments
Traceback (most recent call last):
  File "run_mpi.py", line 27, in <module>
    start()
  File "run_mpi.py", line 17, in start
Traceback (most recent call last):
  File "run_mpi.py", line 27, in <module>
    ss = SumoSim(rank)
TypeError: this constructor takes no arguments
    start()
  File "run_mpi.py", line 17, in start
    ss = SumoSim(rank)
TypeError: this constructor takes no arguments
Traceback (most recent call last):
  File "run_mpi.py", line 27, in <module>
    start()
  File "run_mpi.py", line 17, in start
    ss = SumoSim(rank)
TypeError: this constructor takes no arguments
Traceback (most recent call last):
  File "run_mpi.py", line 27, in <module>
    start()
  File "run_mpi.py", line 17, in start
    ss = SumoSim(rank)
TypeError: this constructor takes no arguments
Traceback (most recent call last):
  File "run_mpi.py", line 27, in <module>
    start()
  File "run_mpi.py", line 17, in start
    ss = SumoSim(rank)
TypeError: this constructor takes no arguments
Traceback (most recent call last):
  File "run_mpi.py", line 27, in <module>
    start()
  File "run_mpi.py", line 17, in start
    ss = SumoSim(rank)
TypeError: this constructor takes no arguments
Traceback (most recent call last):
  File "run_mpi.py", line 27, in <module>
    start()
  File "run_mpi.py", line 17, in start
    ss = SumoSim(rank)
TypeError: this constructor takes no arguments
Traceback (most recent call last):
  File "run_mpi.py", line 27, in <module>
    start()
  File "run_mpi.py", line 17, in start
    ss = SumoSim(rank)
TypeError: this constructor takes no arguments
Traceback (most recent call last):
  File "run_mpi.py", line 27, in <module>
    start()
  File "run_mpi.py", line 17, in start
    ss = SumoSim(rank)
TypeError: this constructor takes no arguments
Traceback (most recent call last):
  File "run_mpi.py", line 27, in <module>
    start()
  File "run_mpi.py", line 17, in start
    ss = SumoSim(rank)
TypeError: this constructor takes no arguments
Traceback (most recent call last):
  File "run_mpi.py", line 27, in <module>
    start()
  File "run_mpi.py", line 17, in start
    ss = SumoSim(rank)
TypeError: this constructor takes no arguments
Traceback (most recent call last):
  File "run_mpi.py", line 27, in <module>
    start()
  File "run_mpi.py", line 17, in start
    ss = SumoSim(rank)
TypeError: this constructor takes no arguments
