***Starting server on port 29667 ***
Loading net-file from '../config/../network/SF_with_TLS.net.xml'... done (33ms).
Loading weights from '../config/link_weights.xml'...
Loading additional-files from '../config/additional.xml'... done (0ms).
Loading done.
Simulation started with time: 0.00
Warning: Teleporting vehicle '18130'; collision with vehicle '23144', lane='74_4_1', gap=-2.53, time=26786.00 stage=insertion.
Warning: Vehicle '18130' ends teleporting on edge '39_1', time 26786.00.
Warning: Teleporting vehicle '17780'; waited too long (jam), lane='39_3_0', time=26979.00.
Warning: Teleporting vehicle '17534'; waited too long (jam), lane='39_3_0', time=26986.00.
Warning: Teleporting vehicle '17860'; waited too long (jam), lane='39_3_0', time=26987.00.
Warning: Vehicle '17780' ends teleporting on edge '39_4', time 27001.00.
Warning: Teleporting vehicle '18187'; waited too long (jam), lane='39_3_0', time=27004.00.
Warning: Vehicle '17534' ends teleporting on edge '39_4', time 27024.00.
Warning: Vehicle '17860' ends teleporting on edge '39_4', time 27026.00.
Warning: Vehicle '18187' ends teleporting on edge '39_4', time 27055.00.
Warning: Teleporting vehicle '18777'; waited too long (jam), lane='39_3_0', time=27071.00.
Warning: Teleporting vehicle '15597'; waited too long (jam), lane='39_2_1', time=27091.00.
Warning: Vehicle '18777' ends teleporting on edge '39_4', time 27091.00.
Warning: Vehicle '15597' ends teleporting on edge '39_3', time 27091.00.
Warning: Teleporting vehicle '21347'; waited too long (jam), lane='39_2_1', time=27102.00.
Warning: Vehicle '21347' ends teleporting on edge '39_3', time 27102.00.
Warning: Teleporting vehicle '19257'; waited too long (jam), lane='39_2_0', time=27104.00.
Warning: Vehicle '19257' ends teleporting on edge '39_3', time 27104.00.
Warning: Teleporting vehicle '20447'; waited too long (jam), lane='39_3_0', time=27125.00.
Warning: Vehicle '20447' ends teleporting on edge '39_4', time 27125.00.
Warning: Teleporting vehicle '18700'; waited too long (jam), lane='39_3_0', time=27126.00.
Warning: Teleporting vehicle '20474'; waited too long (jam), lane='39_3_0', time=27153.00.
Warning: Teleporting vehicle '17560'; collision with vehicle '25667', lane='74_4_1', gap=-2.58, time=27232.00 stage=insertion.
Warning: Vehicle '17560' ends teleporting on edge '39_1', time 27232.00.
Warning: Vehicle '18700' ends teleporting on edge '39_4', time 27236.00.
Warning: Vehicle '20474' ends teleporting on edge '39_4', time 27271.00.
Warning: Teleporting vehicle '24907'; collision with vehicle '25784', lane='74_4_1', gap=-2.58, time=27274.00 stage=insertion.
Warning: Vehicle '24907' ends teleporting on edge '39_1', time 27274.00.
Warning: Teleporting vehicle '21904'; waited too long (jam), lane='39_1_1', time=27296.00.
Warning: Vehicle '21904' ends teleporting on edge '39_2', time 27296.00.
Warning: Teleporting vehicle '12367'; waited too long (jam), lane='39_3_1', time=27342.00.
Warning: Teleporting vehicle '28340'; collision with vehicle '25807', lane='74_4_1', gap=-2.58, time=27354.00 stage=insertion.
Warning: Vehicle '28340' ends teleporting on edge '39_1', time 27354.00.
Warning: Vehicle '12367' ends teleporting on edge '39_4', time 27378.00.
Warning: Teleporting vehicle '12374'; waited too long (jam), lane='39_3_1', time=27394.00.
Warning: Teleporting vehicle '15264'; waited too long (wrong lane), lane='39_4_0', time=27480.00.
Warning: Vehicle '15264' ends teleporting on edge '76_1', time 27480.00.
Warning: Teleporting vehicle '13524'; waited too long (jam), lane='39_3_0', time=27546.00.
Warning: Teleporting vehicle '30644'; waited too long (jam), lane='37_7_1', time=27556.00.
Warning: Vehicle '12374' ends teleporting on edge '39_4', time 27556.00.
Warning: Vehicle '30644' ends teleporting on edge '39_1', time 27556.00.
Warning: Teleporting vehicle '21587'; waited too long (jam), lane='39_2_1', time=27598.00.
Warning: Vehicle '21587' ends teleporting on edge '39_3', time 27598.00.
Warning: Teleporting vehicle '22024'; waited too long (jam), lane='39_1_1', time=27601.00.
Warning: Vehicle '22024' ends teleporting on edge '39_2', time 27601.00.
Warning: Teleporting vehicle '21904'; waited too long (jam), lane='39_2_0', time=27602.00.
Warning: Vehicle '21904' ends teleporting on edge '39_3', time 27602.00.
Warning: Teleporting vehicle '25834'; collision with vehicle '25840', lane='74_4_1', gap=-2.58, time=27605.00 stage=insertion.
Warning: Vehicle '25834' ends teleporting on edge '39_1', time 27605.00.
Warning: Teleporting vehicle '20897'; waited too long (jam), lane='32_4_0', time=27610.00.
Warning: Teleporting vehicle '18510'; waited too long (jam), lane='32_4_0', time=27611.00.
Warning: Teleporting vehicle '26214'; waited too long (jam), lane='32_4_0', time=27614.00.
Warning: Teleporting vehicle '26787'; waited too long (jam), lane='32_4_0', time=27616.00.
Warning: Teleporting vehicle '28584'; collision with vehicle '25900', lane='74_4_1', gap=-2.52, time=27622.00 stage=insertion.
Warning: Vehicle '28584' ends teleporting on edge '39_1', time 27622.00.
Warning: Teleporting vehicle '19887'; waited too long (wrong lane), lane='39_4_0', time=27630.00.
Warning: Vehicle '19887' ends teleporting on edge '76_1', time 27630.00.
Warning: Teleporting vehicle '19904'; waited too long (wrong lane), lane='39_4_0', time=27631.00.
Warning: Vehicle '19904' ends teleporting on edge '76_1', time 27631.00.
Warning: Teleporting vehicle '16744'; waited too long (jam), lane='32_4_0', time=27633.00.
Warning: Teleporting vehicle '26060'; waited too long (jam), lane='32_4_0', time=27647.00.
Warning: Teleporting vehicle '29340'; collision with vehicle '25980', lane='74_4_1', gap=-2.58, time=27656.00 stage=insertion.
Warning: Vehicle '29340' ends teleporting on edge '39_1', time 27656.00.
Warning: Teleporting vehicle '15597'; waited too long (wrong lane), lane='39_4_0', time=27657.00.
Warning: Vehicle '15597' ends teleporting on edge '74_1', time 27657.00.
Warning: Teleporting vehicle '26357'; waited too long (jam), lane='32_3_1', time=27684.00.
Warning: Vehicle '26357' ends teleporting on edge '32_4', time 27684.00.
Warning: Teleporting vehicle '25040'; collision with vehicle '26257', lane='74_4_1', gap=-2.58, time=27686.00 stage=insertion.
Warning: Vehicle '13524' ends teleporting on edge '39_4', time 27686.00.
Warning: Vehicle '25040' ends teleporting on edge '39_1', time 27686.00.
Warning: Teleporting vehicle '31920'; waited too long (jam), lane='32_3_1', time=27692.00.
Warning: Vehicle '31920' ends teleporting on edge '32_4', time 27692.00.
Warning: Teleporting vehicle '28760'; waited too long (jam), lane='32_4_0', time=27708.00.
Warning: Teleporting vehicle '26504'; collision with vehicle '26490', lane='74_4_1', gap=-2.58, time=27709.00 stage=insertion.
Warning: Vehicle '26504' ends teleporting on edge '39_1', time 27709.00.
Warning: Teleporting vehicle '19094'; collision with vehicle '26744', lane='74_4_1', gap=-2.58, time=27835.00 stage=insertion.
Warning: Vehicle '19094' ends teleporting on edge '39_1', time 27835.00.
Warning: Teleporting vehicle '32130'; collision with vehicle '27067', lane='74_4_1', gap=-2.58, time=27956.00 stage=insertion.
Warning: Vehicle '32130' ends teleporting on edge '39_1', time 27956.00.
Warning: Teleporting vehicle '25917'; collision with vehicle '27194', lane='74_4_1', gap=-2.58, time=27987.00 stage=insertion.
Warning: Vehicle '25917' ends teleporting on edge '39_1', time 27987.00.
Warning: Teleporting vehicle '35610'; collision with vehicle '27554', lane='74_4_1', gap=-2.58, time=28042.00 stage=insertion.
Warning: Vehicle '35610' ends teleporting on edge '39_1', time 28042.00.
Warning: Teleporting vehicle '34660'; collision with vehicle '27720', lane='74_4_1', gap=-2.58, time=28060.00 stage=insertion.
Warning: Vehicle '34660' ends teleporting on edge '39_1', time 28060.00.
Warning: Vehicle '16744' ends teleporting on edge '27_1', time 28071.00.
Warning: Vehicle '20897' ends teleporting on edge '29_1', time 28080.00.
Warning: Vehicle '18510' ends teleporting on edge '29_1', time 28081.00.
Warning: Vehicle '26214' ends teleporting on edge '29_1', time 28084.00.
Warning: Vehicle '26787' ends teleporting on edge '27_1', time 28086.00.
Warning: Teleporting vehicle '36010'; collision with vehicle '27747', lane='74_4_1', gap=-2.58, time=28096.00 stage=insertion.
Warning: Vehicle '36010' ends teleporting on edge '39_1', time 28096.00.
Warning: Vehicle '26060' ends teleporting on edge '27_1', time 28117.00.
Warning: Teleporting vehicle '23987'; collision with vehicle '27864', lane='74_4_1', gap=-2.58, time=28139.00 stage=insertion.
Warning: Vehicle '23987' ends teleporting on edge '39_1', time 28139.00.
Warning: Teleporting vehicle '25297'; waited too long (jam), lane='32_3_1', time=28148.00.
Warning: Vehicle '25297' ends teleporting on edge '32_4', time 28148.00.
Warning: Teleporting vehicle '29540'; collision with vehicle '27944', lane='74_4_1', gap=-2.58, time=28165.00 stage=insertion.
Warning: Vehicle '29540' ends teleporting on edge '39_1', time 28165.00.
Warning: Teleporting vehicle '33980'; waited too long (jam), lane='32_4_0', time=28168.00.
Warning: Vehicle '28760' ends teleporting on edge '27_1', time 28178.00.
Warning: Teleporting vehicle '32987'; waited too long (jam), lane='32_4_0', time=28190.00.
Warning: Teleporting vehicle '25227'; waited too long (jam), lane='32_4_0', time=28191.00.
Warning: Teleporting vehicle '37884'; waited too long (jam), lane='32_3_0', time=28205.00.
Warning: Vehicle '37884' ends teleporting on edge '32_4', time 28205.00.
Warning: Teleporting vehicle '37940'; collision with vehicle '27970', lane='74_4_1', gap=-2.58, time=28215.00 stage=insertion.
Warning: Vehicle '37940' ends teleporting on edge '39_1', time 28215.00.
Warning: Teleporting vehicle '43207'; waited too long (jam), lane='25_1_0', time=28262.00.
Warning: Teleporting vehicle '45844'; waited too long (jam), lane='25_1_0', time=28269.00.
Warning: Teleporting vehicle '46847'; waited too long (jam), lane='25_1_0', time=28281.00.
Warning: Teleporting vehicle '29494'; collision with vehicle '28144', lane='74_4_1', gap=-2.58, time=28288.00 stage=insertion.
Warning: Vehicle '29494' ends teleporting on edge '39_1', time 28288.00.
Warning: Teleporting vehicle '38757'; waited too long (jam), lane='32_2_1', time=28291.00.
Warning: Vehicle '43207' ends teleporting on edge '25_2', time 28291.00.
Warning: Teleporting vehicle '29870'; collision with vehicle '28150', lane='74_4_1', gap=-2.58, time=28311.00 stage=insertion.
Warning: Vehicle '29870' ends teleporting on edge '39_1', time 28311.00.
Warning: Teleporting vehicle '25307'; collision with vehicle '28380', lane='74_4_1', gap=-2.58, time=28335.00 stage=insertion.
Warning: Vehicle '25307' ends teleporting on edge '39_1', time 28335.00.
Warning: Vehicle '38757' ends teleporting on edge '32_3', time 28372.00.
Warning: Vehicle '45844' ends teleporting on edge '25_2', time 28375.00.
Warning: Teleporting vehicle '35860'; collision with vehicle '28900', lane='74_4_1', gap=-2.58, time=28409.00 stage=insertion.
Warning: Vehicle '35860' ends teleporting on edge '39_1', time 28409.00.
Warning: Teleporting vehicle '44454'; collision with vehicle '54137', lane='50_3_1', gap=-2.58, time=28437.00 stage=insertion.
Warning: Vehicle '44454' ends teleporting on edge '55_1', time 28437.00.
Warning: Teleporting vehicle '37240'; waited too long (yield), lane='21_5_1', time=28440.00.
Warning: Vehicle '37240' ends teleporting on edge '25_1', time 28440.00.
Warning: Teleporting vehicle '37970'; collision with vehicle '29050', lane='74_4_1', gap=-2.58, time=28481.00 stage=insertion.
Warning: Vehicle '37970' ends teleporting on edge '39_1', time 28481.00.
Warning: Vehicle '33980' ends teleporting on edge '27_1', time 28505.00.
Warning: Vehicle '32987' ends teleporting on edge '32_5', time 28507.00.
Warning: Teleporting vehicle '49227'; waited too long (jam), lane='13_2_1', time=28510.00.
Warning: Teleporting vehicle '39837'; collision with vehicle '29094', lane='74_4_1', gap=-2.58, time=28513.00 stage=insertion.
Warning: Vehicle '39837' ends teleporting on edge '39_1', time 28513.00.
Warning: Teleporting vehicle '33414'; collision with vehicle '29140', lane='74_4_1', gap=-2.58, time=28545.00 stage=insertion.
Warning: Vehicle '33414' ends teleporting on edge '39_1', time 28545.00.
Warning: Vehicle '46847' ends teleporting on edge '25_2', time 28557.00.
Warning: Teleporting vehicle '41894'; collision with vehicle '29154', lane='74_4_1', gap=-2.58, time=28569.00 stage=insertion.
Warning: Vehicle '41894' ends teleporting on edge '39_1', time 28569.00.
Warning: Teleporting vehicle '11410'; collision with vehicle '29217', lane='74_4_1', gap=-2.58, time=28595.00 stage=insertion.
Warning: Vehicle '11410' ends teleporting on edge '39_1', time 28595.00.
Warning: Vehicle '25227' ends teleporting on edge '26_1', time 28661.00.
Warning: Teleporting vehicle '29464'; collision with vehicle '29307', lane='74_4_1', gap=-2.58, time=28699.00 stage=insertion.
Warning: Vehicle '29464' ends teleporting on edge '39_1', time 28699.00.
Warning: Teleporting vehicle '33927'; collision with vehicle '29480', lane='74_4_1', gap=-2.58, time=28725.00 stage=insertion.
Warning: Vehicle '33927' ends teleporting on edge '39_1', time 28725.00.
Warning: Vehicle '49227' ends teleporting on edge '13_3', time 28734.00.
Warning: Teleporting vehicle '38524'; collision with vehicle '29790', lane='74_4_1', gap=-2.58, time=28764.00 stage=insertion.
Warning: Vehicle '38524' ends teleporting on edge '39_1', time 28764.00.
Warning: Teleporting vehicle '29574'; waited too long (jam), lane='32_3_1', time=28778.00.
Warning: Teleporting vehicle '46447'; collision with vehicle '29840', lane='74_4_1', gap=-2.58, time=28779.00 stage=insertion.
Warning: Vehicle '46447' ends teleporting on edge '39_1', time 28779.00.
Warning: Teleporting vehicle '46777'; collision with vehicle '29917', lane='74_4_1', gap=-2.58, time=28790.00 stage=insertion.
Warning: Vehicle '46777' ends teleporting on edge '39_1', time 28790.00.
Warning: Vehicle '29574' ends teleporting on edge '32_4', time 28799.00.
Warning: Teleporting vehicle '47704'; collision with vehicle '29974', lane='74_4_1', gap=-2.58, time=28815.00 stage=insertion.
Warning: Vehicle '47704' ends teleporting on edge '39_1', time 28815.00.
Warning: Teleporting vehicle '45374'; collision with vehicle '30400', lane='74_4_1', gap=-2.58, time=28920.00 stage=insertion.
Warning: Vehicle '45374' ends teleporting on edge '39_1', time 28920.00.
Warning: Teleporting vehicle '20190'; waited too long (jam), lane='32_4_1', time=29194.00.
Warning: Teleporting vehicle '19680'; waited too long (jam), lane='32_3_1', time=29331.00.
Warning: Teleporting vehicle '50170'; waited too long (jam), lane='32_3_1', time=29344.00.
Warning: Teleporting vehicle '56950'; collision with vehicle '39907', lane='74_4_1', gap=-2.58, time=29382.00 stage=insertion.
Warning: Vehicle '56950' ends teleporting on edge '39_1', time 29384.00.
Warning: Teleporting vehicle '53280'; waited too long (jam), lane='25_1_0', time=29480.00.
Warning: Teleporting vehicle '33644'; waited too long (jam), lane='25_1_1', time=29480.00.
Warning: Vehicle '53280' ends teleporting on edge '25_2', time 29531.00.
Warning: Teleporting vehicle '55094'; waited too long (wrong lane), lane='21_5_0', time=29562.00.
Warning: Vehicle '55094' ends teleporting on edge '24_1', time 29562.00.
Warning: Teleporting vehicle '54810'; waited too long (jam), lane='32_3_1', time=29637.00.
Warning: Teleporting vehicle '56294'; waited too long (jam), lane='32_3_0', time=29649.00.
Warning: Vehicle '20190' ends teleporting on edge '27_1', time 29664.00.
Warning: Vehicle '19680' ends teleporting on edge '32_4', time 29695.00.
Warning: Vehicle '50170' ends teleporting on edge '32_4', time 29697.00.
Warning: Vehicle '54810' ends teleporting on edge '32_4', time 29703.00.
Warning: Vehicle '56294' ends teleporting on edge '32_4', time 29710.00.
Warning: Vehicle '33644' ends teleporting on edge '25_2', time 29820.00.
Warning: Teleporting vehicle '41804'; waited too long (jam), lane='43_3_0', time=29838.00.
Warning: Teleporting vehicle '56987'; waited too long (jam), lane='43_3_1', time=29858.00.
Warning: Vehicle '56987' ends teleporting on edge '43_4', time 29858.00.
Warning: Vehicle '41804' ends teleporting on edge '43_4', time 29877.00.
Warning: Teleporting vehicle '47294'; waited too long (jam), lane='43_3_1', time=29878.00.
Warning: Teleporting vehicle '48617'; waited too long (jam), lane='43_3_1', time=29879.00.
Warning: Teleporting vehicle '25947'; waited too long (jam), lane='43_3_1', time=29880.00.
Warning: Teleporting vehicle '48014'; waited too long (jam), lane='43_3_1', time=29881.00.
Warning: Teleporting vehicle '48084'; waited too long (jam), lane='43_3_1', time=29882.00.
Warning: Teleporting vehicle '46400'; waited too long (jam), lane='43_3_1', time=29883.00.
Warning: Teleporting vehicle '40054'; waited too long (jam), lane='43_3_1', time=29894.00.
Warning: Teleporting vehicle '43484'; waited too long (jam), lane='43_3_1', time=29895.00.
Warning: Teleporting vehicle '38570'; waited too long (jam), lane='43_3_1', time=29896.00.
Warning: Teleporting vehicle '44170'; waited too long (jam), lane='43_3_1', time=29897.00.
Warning: Teleporting vehicle '44287'; waited too long (jam), lane='43_3_1', time=29898.00.
Warning: Teleporting vehicle '57400'; waited too long (jam), lane='43_3_1', time=29899.00.
Warning: Teleporting vehicle '47337'; waited too long (jam), lane='43_3_1', time=29900.00.
Warning: Teleporting vehicle '46437'; waited too long (jam), lane='43_3_1', time=29901.00.
Warning: Teleporting vehicle '48004'; waited too long (jam), lane='43_3_1', time=29902.00.
Warning: Teleporting vehicle '50207'; waited too long (jam), lane='43_3_1', time=29903.00.
Warning: Teleporting vehicle '57274'; collision with vehicle '45570', lane='74_4_1', gap=-2.58, time=29908.00 stage=insertion.
Warning: Vehicle '57274' ends teleporting on edge '39_1', time 29911.00.
Warning: Vehicle '47294' ends teleporting on edge '43_4', time 29923.00.
Warning: Vehicle '48617' ends teleporting on edge '43_4', time 29938.00.
Warning: Vehicle '25947' ends teleporting on edge '43_4', time 29942.00.
Warning: Vehicle '48014' ends teleporting on edge '43_4', time 29957.00.
Warning: Vehicle '48084' ends teleporting on edge '43_4', time 29971.00.
Warning: Teleporting vehicle '52604'; waited too long (wrong lane), lane='32_5_0', time=29982.00.
Warning: Vehicle '52604' ends teleporting on edge '27_1', time 29982.00.
Warning: Teleporting vehicle '52340'; waited too long (wrong lane), lane='32_5_0', time=29983.00.
Warning: Vehicle '52340' ends teleporting on edge '27_1', time 29983.00.
Warning: Teleporting vehicle '53520'; waited too long (wrong lane), lane='32_5_0', time=29984.00.
Warning: Vehicle '53520' ends teleporting on edge '27_1', time 29984.00.
Warning: Teleporting vehicle '27384'; waited too long (wrong lane), lane='32_5_0', time=29990.00.
Warning: Vehicle '27384' ends teleporting on edge '27_1', time 29990.00.
Warning: Teleporting vehicle '21697'; waited too long (jam), lane='32_4_1', time=30000.00.
Warning: Vehicle '46400' ends teleporting on edge '43_4', time 30000.00.
Warning: Teleporting vehicle '24757'; waited too long (jam), lane='32_4_1', time=30002.00.
Warning: Teleporting vehicle '42997'; waited too long (jam), lane='25_1_1', time=30014.00.
Warning: Teleporting vehicle '52350'; waited too long (jam), lane='25_1_1', time=30034.00.
Warning: Teleporting vehicle '41104'; waited too long (jam), lane='25_1_0', time=30036.00.
Warning: Teleporting vehicle '47064'; waited too long (jam), lane='32_4_0', time=30042.00.
Warning: Vehicle '42997' ends teleporting on edge '25_2', time 30096.00.
Warning: Vehicle '52350' ends teleporting on edge '25_2', time 30105.00.
Warning: Vehicle '47337' ends teleporting on edge '29_1', time 30114.00.
Warning: Vehicle '46437' ends teleporting on edge '29_1', time 30116.00.
Warning: Vehicle '48004' ends teleporting on edge '30_1', time 30119.00.
Warning: Vehicle '57400' ends teleporting on edge '29_1', time 30120.00.
Warning: Vehicle '50207' ends teleporting on edge '30_1', time 30125.00.
Warning: Vehicle '41104' ends teleporting on edge '25_2', time 30125.00.
Warning: Vehicle '43484' ends teleporting on edge '30_1', time 30126.00.
Warning: Vehicle '44287' ends teleporting on edge '30_1', time 30129.00.
Warning: Vehicle '44170' ends teleporting on edge '30_1', time 30132.00.
Warning: Vehicle '38570' ends teleporting on edge '30_1', time 30144.00.
Warning: Vehicle '40054' ends teleporting on edge '30_1', time 30180.00.
Warning: Vehicle '21697' ends teleporting on edge '32_5', time 30242.00.
Warning: Vehicle '24757' ends teleporting on edge '32_5', time 30246.00.
Warning: Teleporting vehicle '49007'; waited too long (jam), lane='43_3_1', time=30267.00.
Warning: Vehicle '49007' ends teleporting on edge '43_4', time 30269.00.
Warning: Teleporting vehicle '49270'; waited too long (jam), lane='43_3_1', time=30290.00.
Warning: Teleporting vehicle '52607'; waited too long (jam), lane='43_3_1', time=30310.00.
Warning: Teleporting vehicle '56890'; waited too long (jam), lane='43_3_1', time=30363.00.
Warning: Vehicle '47064' ends teleporting on edge '32_5', time 30410.00.
Warning: Vehicle '49270' ends teleporting on edge '43_4', time 30437.00.
Warning: Vehicle '52607' ends teleporting on edge '43_4', time 30437.00.
Warning: Vehicle '56890' ends teleporting on edge '43_4', time 30445.00.
Warning: Teleporting vehicle '39230'; waited too long (jam), lane='25_1_1', time=30769.00.
Warning: Teleporting vehicle '29990'; waited too long (jam), lane='25_1_1', time=30770.00.
Warning: Vehicle '39230' ends teleporting on edge '25_2', time 30871.00.
Warning: Teleporting vehicle '41730'; waited too long (wrong lane), lane='25_2_0', time=30883.00.
Warning: Vehicle '41730' ends teleporting on edge '26_1', time 30883.00.
Warning: Vehicle '29990' ends teleporting on edge '25_2', time 30901.00.
Warning: Teleporting vehicle '36747'; waited too long (jam), lane='32_4_0', time=31097.00.
Warning: Teleporting vehicle '34400'; waited too long (jam), lane='32_4_0', time=31099.00.
Warning: Teleporting vehicle '34304'; waited too long (jam), lane='32_4_0', time=31100.00.
Warning: Teleporting vehicle '53660'; waited too long (jam), lane='32_4_0', time=31101.00.
Warning: Teleporting vehicle '50267'; waited too long (jam), lane='32_4_0', time=31103.00.
Warning: Teleporting vehicle '49880'; waited too long (jam), lane='32_4_0', time=31104.00.
Warning: Teleporting vehicle '43030'; waited too long (jam), lane='32_4_0', time=31105.00.
Warning: Teleporting vehicle '58087'; waited too long (jam), lane='32_4_0', time=31106.00.
Warning: Teleporting vehicle '56444'; waited too long (jam), lane='32_4_0', time=31108.00.
Warning: Teleporting vehicle '41444'; waited too long (jam), lane='32_4_0', time=31109.00.
Warning: Teleporting vehicle '43697'; waited too long (jam), lane='32_4_0', time=31110.00.
Warning: Teleporting vehicle '46974'; waited too long (jam), lane='32_4_0', time=31111.00.
Warning: Teleporting vehicle '47517'; waited too long (jam), lane='32_4_0', time=31113.00.
Warning: Teleporting vehicle '50980'; waited too long (jam), lane='32_4_0', time=31114.00.
Warning: Teleporting vehicle '49164'; waited too long (jam), lane='32_4_0', time=31115.00.
Warning: Teleporting vehicle '48584'; waited too long (jam), lane='32_4_0', time=31116.00.
Warning: Vehicle '36747' ends teleporting on edge '32_5', time 31128.00.
Warning: Vehicle '34400' ends teleporting on edge '32_5', time 31137.00.
Warning: Vehicle '34304' ends teleporting on edge '32_5', time 31225.00.
Warning: Vehicle '53660' ends teleporting on edge '32_5', time 31234.00.
Warning: Vehicle '50267' ends teleporting on edge '32_5', time 31329.00.
Warning: Vehicle '49880' ends teleporting on edge '32_5', time 31412.00.
Warning: Vehicle '43030' ends teleporting on edge '32_5', time 31415.00.
Warning: Vehicle '58087' ends teleporting on edge '32_5', time 31490.00.
Warning: Vehicle '56444' ends teleporting on edge '32_5', time 31494.00.
Warning: Vehicle '41444' ends teleporting on edge '32_5', time 31497.00.
Warning: Vehicle '43697' ends teleporting on edge '26_1', time 31580.00.
Warning: Vehicle '46974' ends teleporting on edge '26_1', time 31581.00.
Warning: Vehicle '47517' ends teleporting on edge '29_1', time 31583.00.
Warning: Vehicle '50980' ends teleporting on edge '29_1', time 31584.00.
Warning: Vehicle '49164' ends teleporting on edge '26_1', time 31585.00.
Warning: Vehicle '48584' ends teleporting on edge '29_1', time 31586.00.
Warning: Teleporting vehicle '20884'; waited too long (jam), lane='48_3_1', time=32032.00.
Warning: Vehicle '20884' ends teleporting on edge '48_4', time 32085.00.
Warning: Teleporting vehicle '96927'; waited too long (yield), lane='56_8_2', time=61726.00.
Warning: Vehicle '96927' ends teleporting on edge '60_1', time 61726.00.
Warning: Teleporting vehicle '97824'; waited too long (yield), lane='56_8_2', time=62031.00.
Warning: Vehicle '97824' ends teleporting on edge '60_1', time 62031.00.
Warning: Teleporting vehicle '98757'; waited too long (yield), lane='56_8_2', time=62357.00.
Warning: Vehicle '98757' ends teleporting on edge '60_1', time 62357.00.
Warning: Teleporting vehicle '97574'; waited too long (yield), lane='56_8_2', time=62661.00.
Warning: Vehicle '97574' ends teleporting on edge '60_1', time 62661.00.
Warning: Teleporting vehicle '100407'; waited too long (yield), lane='56_8_2', time=63170.00.
Warning: Vehicle '100407' ends teleporting on edge '60_1', time 63170.00.
Warning: Teleporting vehicle '119564'; waited too long (wrong lane), lane='32_5_0', time=63350.00.
Warning: Vehicle '119564' ends teleporting on edge '27_1', time 63350.00.
Warning: Teleporting vehicle '123127'; waited too long (jam), lane='32_4_0', time=63356.00.
Warning: Teleporting vehicle '124920'; waited too long (jam), lane='32_4_0', time=63358.00.
Warning: Teleporting vehicle '108607'; waited too long (jam), lane='32_4_1', time=63359.00.
Warning: Teleporting vehicle '121284'; waited too long (jam), lane='32_4_0', time=63360.00.
Warning: Teleporting vehicle '123147'; waited too long (jam), lane='32_4_0', time=63361.00.
Warning: Teleporting vehicle '112880'; waited too long (wrong lane), lane='59_4_0', time=63418.00.
Warning: Vehicle '112880' ends teleporting on edge '60_1', time 63418.00.
Warning: Teleporting vehicle '118247'; waited too long (wrong lane), lane='59_4_0', time=63419.00.
Warning: Vehicle '118247' ends teleporting on edge '60_1', time 63419.00.
Warning: Teleporting vehicle '120027'; waited too long (wrong lane), lane='32_5_0', time=63426.00.
Warning: Vehicle '120027' ends teleporting on edge '27_1', time 63426.00.
Warning: Teleporting vehicle '115124'; waited too long (jam), lane='32_3_1', time=63443.00.
Warning: Vehicle '115124' ends teleporting on edge '32_4', time 63443.00.
Warning: Teleporting vehicle '112687'; waited too long (jam), lane='59_3_1', time=63454.00.
Warning: Teleporting vehicle '125960'; waited too long (jam), lane='32_2_1', time=63480.00.
Warning: Vehicle '125960' ends teleporting on edge '32_3', time 63480.00.
Warning: Teleporting vehicle '99164'; waited too long (yield), lane='56_8_2', time=63528.00.
Warning: Vehicle '99164' ends teleporting on edge '60_1', time 63528.00.
Warning: Vehicle '112687' ends teleporting on edge '60_1', time 63607.00.
Warning: Teleporting vehicle '108704'; waited too long (jam), lane='32_4_1', time=63665.00.
Warning: Teleporting vehicle '108144'; waited too long (jam), lane='32_4_1', time=63666.00.
Warning: Teleporting vehicle '122190'; waited too long (jam), lane='32_4_0', time=63672.00.
Warning: Teleporting vehicle '114880'; waited too long (jam), lane='32_3_1', time=63749.00.
Warning: Vehicle '114880' ends teleporting on edge '32_4', time 63749.00.
Warning: Teleporting vehicle '119864'; waited too long (jam), lane='32_4_0', time=63787.00.
Warning: Teleporting vehicle '125444'; waited too long (jam), lane='32_4_0', time=63799.00.
Warning: Vehicle '123127' ends teleporting on edge '27_1', time 63826.00.
Warning: Teleporting vehicle '126400'; waited too long (jam), lane='32_4_0', time=63828.00.
Warning: Vehicle '124920' ends teleporting on edge '27_1', time 63828.00.
Warning: Teleporting vehicle '126454'; waited too long (jam), lane='32_4_0', time=63829.00.
Warning: Vehicle '108607' ends teleporting on edge '27_1', time 63829.00.
Warning: Teleporting vehicle '128127'; waited too long (jam), lane='32_4_0', time=63830.00.
Warning: Vehicle '121284' ends teleporting on edge '27_1', time 63830.00.
Warning: Vehicle '123147' ends teleporting on edge '27_1', time 63831.00.
Warning: Teleporting vehicle '125934'; waited too long (jam), lane='32_2_1', time=63841.00.
Warning: Vehicle '125934' ends teleporting on edge '32_3', time 63841.00.
Warning: Vehicle '126400' ends teleporting on edge '27_1', time 64058.00.
Warning: Teleporting vehicle '140984'; waited too long (jam), lane='32_3_0', time=64060.00.
Warning: Vehicle '140984' ends teleporting on edge '32_4', time 64060.00.
Warning: Vehicle '126454' ends teleporting on edge '27_1', time 64068.00.
Warning: Teleporting vehicle '100337'; waited too long (yield), lane='56_8_2', time=64070.00.
Warning: Vehicle '100337' ends teleporting on edge '60_1', time 64070.00.
Warning: Vehicle '128127' ends teleporting on edge '27_1', time 64073.00.
Warning: Vehicle '108704' ends teleporting on edge '27_1', time 64135.00.
Warning: Vehicle '108144' ends teleporting on edge '27_1', time 64136.00.
Warning: Vehicle '122190' ends teleporting on edge '27_1', time 64142.00.
Warning: Teleporting vehicle '126830'; waited too long (jam), lane='32_2_1', time=64145.00.
Warning: Vehicle '126830' ends teleporting on edge '32_3', time 64145.00.
Warning: Vehicle '119864' ends teleporting on edge '27_1', time 64158.00.
Warning: Vehicle '125444' ends teleporting on edge '27_1', time 64162.00.
Warning: Teleporting vehicle '137330'; waited too long (yield), lane='28_4_1', time=64205.00.
Warning: Vehicle '137330' ends teleporting on edge '46_1', time 64205.00.
Warning: Teleporting vehicle '131410'; waited too long (jam), lane='32_2_0', time=64403.00.
Warning: Vehicle '131410' ends teleporting on edge '32_3', time 64403.00.
Warning: Teleporting vehicle '102144'; waited too long (yield), lane='56_8_2', time=64427.00.
Warning: Vehicle '102144' ends teleporting on edge '60_1', time 64427.00.
Warning: Teleporting vehicle '137074'; waited too long (jam), lane='32_2_0', time=64429.00.
Warning: Vehicle '137074' ends teleporting on edge '32_3', time 64429.00.
Warning: Teleporting vehicle '143320'; waited too long (jam), lane='32_2_0', time=64454.00.
Warning: Vehicle '143320' ends teleporting on edge '32_3', time 64454.00.
Warning: Teleporting vehicle '144257'; waited too long (jam), lane='32_2_0', time=64455.00.
Warning: Vehicle '144257' ends teleporting on edge '32_3', time 64455.00.
Warning: Teleporting vehicle '145460'; waited too long (jam), lane='32_2_0', time=64456.00.
Warning: Vehicle '145460' ends teleporting on edge '32_3', time 64456.00.
Warning: Teleporting vehicle '146157'; waited too long (jam), lane='32_2_0', time=64457.00.
Warning: Vehicle '146157' ends teleporting on edge '32_3', time 64457.00.
Warning: Teleporting vehicle '146467'; waited too long (jam), lane='32_2_0', time=64458.00.
Warning: Vehicle '146467' ends teleporting on edge '32_3', time 64458.00.
Warning: Teleporting vehicle '125520'; waited too long (jam), lane='56_7_2', time=64464.00.
Warning: Teleporting vehicle '145610'; waited too long (jam), lane='32_1_1', time=64527.00.
Warning: Vehicle '145610' ends teleporting on edge '32_2', time 64527.00.
Warning: Teleporting vehicle '149117'; waited too long (yield), lane='56_8_2', time=64728.00.
Warning: Vehicle '149117' ends teleporting on edge '60_1', time 64728.00.
Warning: Teleporting vehicle '124887'; waited too long (jam), lane='56_7_2', time=64769.00.
Warning: Vehicle '125520' ends teleporting on edge '60_1', time 64890.00.
Warning: Teleporting vehicle '112614'; waited too long (jam), lane='32_4_1', time=64981.00.
Warning: Teleporting vehicle '112137'; waited too long (jam), lane='32_4_1', time=64982.00.
Warning: Teleporting vehicle '116297'; waited too long (jam), lane='32_3_1', time=65012.00.
Warning: Vehicle '116297' ends teleporting on edge '32_4', time 65012.00.
Warning: Teleporting vehicle '131934'; waited too long (wrong lane), lane='32_5_0', time=65052.00.
Warning: Vehicle '131934' ends teleporting on edge '27_1', time 65052.00.
Warning: Teleporting vehicle '104150'; waited too long (yield), lane='56_8_2', time=65056.00.
Warning: Vehicle '104150' ends teleporting on edge '60_1', time 65056.00.
Warning: Teleporting vehicle '138057'; waited too long (jam), lane='56_7_2', time=65135.00.
Warning: Teleporting vehicle '150684'; waited too long (jam), lane='32_4_0', time=65138.00.
Warning: Teleporting vehicle '130650'; waited too long (wrong lane), lane='32_5_0', time=65155.00.
Warning: Vehicle '130650' ends teleporting on edge '27_1', time 65155.00.
Warning: Vehicle '124887' ends teleporting on edge '60_1', time 65195.00.
Warning: Teleporting vehicle '151380'; waited too long (jam), lane='32_4_1', time=65288.00.
Warning: Teleporting vehicle '116977'; waited too long (jam), lane='32_3_1', time=65318.00.
Warning: Vehicle '116977' ends teleporting on edge '32_4', time 65318.00.
Warning: Teleporting vehicle '133110'; waited too long (wrong lane), lane='32_5_0', time=65319.00.
Warning: Teleporting vehicle '117090'; waited too long (jam), lane='32_3_1', time=65319.00.
Warning: Vehicle '133110' ends teleporting on edge '27_1', time 65319.00.
Warning: Teleporting vehicle '142490'; waited too long (wrong lane), lane='32_5_0', time=65320.00.
Warning: Vehicle '142490' ends teleporting on edge '27_1', time 65320.00.
Warning: Teleporting vehicle '148570'; waited too long (wrong lane), lane='32_5_0', time=65321.00.
Warning: Vehicle '148570' ends teleporting on edge '27_1', time 65321.00.
Warning: Teleporting vehicle '150504'; waited too long (wrong lane), lane='32_5_0', time=65322.00.
Warning: Vehicle '150504' ends teleporting on edge '27_1', time 65322.00.
Warning: Teleporting vehicle '151334'; waited too long (wrong lane), lane='32_5_0', time=65323.00.
Warning: Vehicle '151334' ends teleporting on edge '27_1', time 65323.00.
Warning: Teleporting vehicle '150237'; waited too long (wrong lane), lane='32_5_0', time=65324.00.
Warning: Vehicle '150237' ends teleporting on edge '27_1', time 65324.00.
Warning: Teleporting vehicle '137080'; waited too long (wrong lane), lane='32_5_0', time=65325.00.
Warning: Vehicle '137080' ends teleporting on edge '27_1', time 65325.00.
Warning: Teleporting vehicle '156074'; waited too long (yield), lane='56_8_2', time=65357.00.
Warning: Vehicle '156074' ends teleporting on edge '60_1', time 65357.00.
Warning: Vehicle '117090' ends teleporting on edge '32_4', time 65394.00.
Warning: Teleporting vehicle '153657'; waited too long (jam), lane='32_4_0', time=65402.00.
Warning: Teleporting vehicle '155344'; waited too long (jam), lane='32_4_0', time=65421.00.
Warning: Vehicle '112614' ends teleporting on edge '26_1', time 65451.00.
Warning: Vehicle '112137' ends teleporting on edge '26_1', time 65452.00.
Warning: Teleporting vehicle '132937'; waited too long (jam), lane='32_4_0', time=65454.00.
Warning: Teleporting vehicle '131754'; waited too long (jam), lane='32_4_0', time=65457.00.
Warning: Teleporting vehicle '136647'; waited too long (jam), lane='32_4_0', time=65477.00.
Warning: Teleporting vehicle '156937'; waited too long (jam), lane='32_3_0', time=65491.00.
Warning: Vehicle '156937' ends teleporting on edge '32_4', time 65491.00.
Warning: Teleporting vehicle '143540'; waited too long (jam), lane='32_4_0', time=65510.00.
Warning: Teleporting vehicle '150117'; waited too long (jam), lane='32_4_0', time=65537.00.
Warning: Vehicle '138057' ends teleporting on edge '60_1', time 65561.00.
Warning: Vehicle '150684' ends teleporting on edge '27_1', time 65608.00.
Warning: Teleporting vehicle '141834'; waited too long (jam), lane='32_4_0', time=65610.00.
Warning: Teleporting vehicle '141107'; waited too long (jam), lane='32_3_1', time=65623.00.
Warning: Vehicle '141107' ends teleporting on edge '32_4', time 65623.00.
Warning: Teleporting vehicle '141404'; waited too long (jam), lane='32_3_0', time=65624.00.
Warning: Vehicle '141404' ends teleporting on edge '32_4', time 65624.00.
Warning: Teleporting vehicle '144540'; waited too long (jam), lane='32_2_1', time=65644.00.
Warning: Vehicle '144540' ends teleporting on edge '32_3', time 65644.00.
Warning: Teleporting vehicle '156490'; waited too long (jam), lane='32_2_0', time=65645.00.
Warning: Vehicle '156490' ends teleporting on edge '32_3', time 65645.00.
Warning: Teleporting vehicle '142867'; waited too long (jam), lane='32_2_0', time=65646.00.
Warning: Vehicle '142867' ends teleporting on edge '32_3', time 65649.00.
Warning: Teleporting vehicle '139894'; waited too long (jam), lane='32_4_0', time=65657.00.
Warning: Teleporting vehicle '102534'; waited too long (yield), lane='56_8_2', time=65687.00.
Warning: Vehicle '102534' ends teleporting on edge '60_1', time 65687.00.
Warning: Vehicle '136647' ends teleporting on edge '27_1', time 65724.00.
Warning: Vehicle '131754' ends teleporting on edge '27_1', time 65737.00.
Warning: Teleporting vehicle '141624'; waited too long (jam), lane='56_7_2', time=65744.00.
Warning: Vehicle '155344' ends teleporting on edge '27_1', time 65744.00.
Warning: Vehicle '151380' ends teleporting on edge '27_1', time 65758.00.
Warning: Vehicle '132937' ends teleporting on edge '27_1', time 65768.00.
Warning: Teleporting vehicle '112374'; waited too long (jam), lane='32_4_1', time=65821.00.
Warning: Vehicle '153657' ends teleporting on edge '27_1', time 65862.00.
Warning: Teleporting vehicle '133097'; waited too long (jam), lane='32_2_1', time=65949.00.
Warning: Vehicle '133097' ends teleporting on edge '32_3', time 65949.00.
Warning: Vehicle '141834' ends teleporting on edge '27_1', time 65953.00.
Warning: Vehicle '143540' ends teleporting on edge '27_1', time 65980.00.
Warning: Vehicle '150117' ends teleporting on edge '27_1', time 66007.00.
Warning: Teleporting vehicle '105387'; waited too long (yield), lane='56_8_2', time=66047.00.
Warning: Vehicle '105387' ends teleporting on edge '60_1', time 66047.00.
Warning: Vehicle '139894' ends teleporting on edge '32_5', time 66050.00.
Warning: Teleporting vehicle '132017'; waited too long (jam), lane='56_7_2', time=66123.00.
Warning: Vehicle '141624' ends teleporting on edge '60_1', time 66170.00.
Warning: Teleporting vehicle '148387'; waited too long (wrong lane), lane='59_4_0', time=66183.00.
Warning: Vehicle '148387' ends teleporting on edge '60_1', time 66183.00.
Warning: Vehicle '112374' ends teleporting on edge '27_1', time 66291.00.
Warning: Teleporting vehicle '130707'; waited too long (wrong lane), lane='32_5_0', time=66341.00.
Warning: Vehicle '130707' ends teleporting on edge '27_1', time 66341.00.
Warning: Teleporting vehicle '158667'; waited too long (yield), lane='56_8_2', time=66348.00.
Warning: Vehicle '158667' ends teleporting on edge '60_1', time 66348.00.
Warning: Teleporting vehicle '147087'; waited too long (jam), lane='32_4_0', time=66396.00.
Warning: Teleporting vehicle '145550'; waited too long (jam), lane='32_4_0', time=66398.00.
Warning: Teleporting vehicle '136587'; waited too long (wrong lane), lane='32_5_0', time=66399.00.
Warning: Teleporting vehicle '148340'; waited too long (jam), lane='32_4_0', time=66399.00.
Warning: Vehicle '136587' ends teleporting on edge '27_1', time 66399.00.
Warning: Teleporting vehicle '147767'; waited too long (jam), lane='32_4_0', time=66400.00.
Warning: Teleporting vehicle '149254'; waited too long (jam), lane='32_4_0', time=66401.00.
Warning: Teleporting vehicle '148560'; waited too long (jam), lane='32_4_0', time=66402.00.
Warning: Teleporting vehicle '147810'; waited too long (jam), lane='32_4_0', time=66404.00.
Warning: Teleporting vehicle '114980'; waited too long (jam), lane='32_4_1', time=66418.00.
Warning: Teleporting vehicle '138750'; waited too long (wrong lane), lane='32_5_0', time=66489.00.
Warning: Vehicle '138750' ends teleporting on edge '27_1', time 66489.00.
Warning: Teleporting vehicle '118834'; waited too long (jam), lane='32_3_1', time=66499.00.
Warning: Vehicle '118834' ends teleporting on edge '32_4', time 66499.00.
Warning: Teleporting vehicle '147754'; waited too long (jam), lane='32_3_0', time=66544.00.
Warning: Vehicle '147754' ends teleporting on edge '32_4', time 66544.00.
Warning: Vehicle '132017' ends teleporting on edge '60_1', time 66549.00.
Warning: Teleporting vehicle '142097'; waited too long (wrong lane), lane='32_5_0', time=66583.00.
Warning: Vehicle '142097' ends teleporting on edge '27_1', time 66583.00.
Warning: Teleporting vehicle '157507'; waited too long (wrong lane), lane='32_5_0', time=66639.00.
Warning: Vehicle '157507' ends teleporting on edge '27_1', time 66639.00.
Warning: Teleporting vehicle '143817'; waited too long (wrong lane), lane='32_5_0', time=66640.00.
Warning: Vehicle '143817' ends teleporting on edge '27_1', time 66640.00.
Warning: Teleporting vehicle '143584'; waited too long (wrong lane), lane='32_5_0', time=66641.00.
Warning: Vehicle '143584' ends teleporting on edge '27_1', time 66641.00.
Warning: Teleporting vehicle '143234'; waited too long (wrong lane), lane='32_5_0', time=66642.00.
Warning: Vehicle '143234' ends teleporting on edge '27_1', time 66642.00.
Warning: Teleporting vehicle '157534'; waited too long (wrong lane), lane='32_5_0', time=66643.00.
Warning: Vehicle '157534' ends teleporting on edge '27_1', time 66643.00.
Warning: Teleporting vehicle '144047'; waited too long (wrong lane), lane='32_5_0', time=66644.00.
Warning: Vehicle '144047' ends teleporting on edge '27_1', time 66644.00.
Warning: Teleporting vehicle '142850'; waited too long (wrong lane), lane='32_5_0', time=66650.00.
Warning: Vehicle '142850' ends teleporting on edge '27_1', time 66650.00.
Warning: Teleporting vehicle '143377'; waited too long (wrong lane), lane='32_5_0', time=66651.00.
Warning: Vehicle '143377' ends teleporting on edge '27_1', time 66651.00.
Warning: Teleporting vehicle '157660'; waited too long (jam), lane='32_4_0', time=66713.00.
Warning: Vehicle '157660' ends teleporting on edge '32_5', time 66713.00.
Warning: Teleporting vehicle '150674'; waited too long (jam), lane='32_4_0', time=66748.00.
Warning: Teleporting vehicle '139847'; waited too long (jam), lane='32_4_0', time=66775.00.
Warning: Teleporting vehicle '121187'; waited too long (jam), lane='32_3_1', time=66803.00.
Warning: Vehicle '121187' ends teleporting on edge '32_4', time 66803.00.
Warning: Teleporting vehicle '146217'; waited too long (jam), lane='32_4_0', time=66817.00.
Warning: Teleporting vehicle '152170'; waited too long (jam), lane='32_3_0', time=66849.00.
Warning: Vehicle '147087' ends teleporting on edge '27_1', time 66866.00.
Warning: Vehicle '145550' ends teleporting on edge '27_1', time 66868.00.
Warning: Vehicle '148340' ends teleporting on edge '27_1', time 66869.00.
Warning: Vehicle '147767' ends teleporting on edge '27_1', time 66870.00.
Warning: Vehicle '149254' ends teleporting on edge '27_1', time 66871.00.
Warning: Vehicle '148560' ends teleporting on edge '26_1', time 66872.00.
Warning: Vehicle '147810' ends teleporting on edge '26_1', time 66874.00.
Warning: Vehicle '152170' ends teleporting on edge '32_4', time 66886.00.
Warning: Vehicle '114980' ends teleporting on edge '27_1', time 66888.00.
Warning: Teleporting vehicle '103950'; waited too long (yield), lane='56_8_2', time=66950.00.
Warning: Vehicle '103950' ends teleporting on edge '60_1', time 66950.00.
Warning: Teleporting vehicle '108457'; waited too long (yield), lane='56_8_2', time=67005.00.
Warning: Vehicle '108457' ends teleporting on edge '60_1', time 67005.00.
Warning: Teleporting vehicle '139124'; waited too long (jam), lane='56_7_2', time=67033.00.
Warning: Vehicle '146217' ends teleporting on edge '27_1', time 67042.00.
Warning: Vehicle '139847' ends teleporting on edge '27_1', time 67139.00.
Warning: Teleporting vehicle '138180'; waited too long (jam), lane='32_4_1', time=67172.00.
Warning: Vehicle '150674' ends teleporting on edge '27_1', time 67218.00.
Warning: Teleporting vehicle '134467'; waited too long (jam), lane='32_4_1', time=67286.00.
Warning: Teleporting vehicle '146110'; waited too long (jam), lane='32_4_0', time=67288.00.
Warning: Teleporting vehicle '147900'; waited too long (jam), lane='32_4_0', time=67290.00.
Warning: Teleporting vehicle '126597'; waited too long (jam), lane='32_4_0', time=67291.00.
Warning: Teleporting vehicle '149530'; waited too long (jam), lane='32_4_0', time=67292.00.
Warning: Teleporting vehicle '151914'; waited too long (jam), lane='32_4_0', time=67293.00.
Warning: Teleporting vehicle '151670'; waited too long (jam), lane='32_4_0', time=67294.00.
Warning: Teleporting vehicle '157074'; waited too long (jam), lane='32_4_0', time=67295.00.
Warning: Teleporting vehicle '141517'; waited too long (jam), lane='32_4_0', time=67296.00.
Warning: Teleporting vehicle '156877'; waited too long (jam), lane='32_4_0', time=67298.00.
Warning: Teleporting vehicle '142617'; waited too long (jam), lane='32_4_0', time=67299.00.
Warning: Teleporting vehicle '146764'; waited too long (jam), lane='32_4_0', time=67300.00.
Warning: Teleporting vehicle '151107'; waited too long (jam), lane='32_4_0', time=67302.00.
Warning: Teleporting vehicle '150744'; waited too long (jam), lane='32_4_0', time=67303.00.
Warning: Teleporting vehicle '150020'; waited too long (jam), lane='32_4_0', time=67304.00.
Warning: Teleporting vehicle '152467'; waited too long (jam), lane='32_4_0', time=67306.00.
Warning: Teleporting vehicle '158554'; waited too long (jam), lane='32_4_0', time=67307.00.
Warning: Teleporting vehicle '152577'; waited too long (jam), lane='32_4_0', time=67308.00.
Warning: Teleporting vehicle '155684'; waited too long (jam), lane='32_4_0', time=67309.00.
Warning: Teleporting vehicle '159230'; waited too long (jam), lane='32_4_0', time=67311.00.
Warning: Teleporting vehicle '157807'; waited too long (jam), lane='32_4_0', time=67312.00.
Warning: Teleporting vehicle '105117'; waited too long (yield), lane='56_8_2', time=67312.00.
Warning: Vehicle '105117' ends teleporting on edge '60_1', time 67312.00.
Warning: Teleporting vehicle '126570'; waited too long (jam), lane='32_3_1', time=67324.00.
Warning: Vehicle '138180' ends teleporting on edge '32_5', time 67324.00.
Warning: Vehicle '134467' ends teleporting on edge '32_5', time 67327.00.
Warning: Teleporting vehicle '134610'; waited too long (jam), lane='56_7_2', time=67396.00.
Warning: Vehicle '146110' ends teleporting on edge '32_5', time 67432.00.
Warning: Vehicle '139124' ends teleporting on edge '60_1', time 67440.00.
Warning: Teleporting vehicle '121037'; waited too long (jam), lane='32_3_1', time=67465.00.
Warning: Vehicle '147900' ends teleporting on edge '32_5', time 67484.00.
Warning: Teleporting vehicle '159060'; waited too long (jam), lane='32_4_0', time=67571.00.
Warning: Teleporting vehicle '159334'; waited too long (jam), lane='32_4_0', time=67572.00.
Warning: Teleporting vehicle '159157'; waited too long (jam), lane='32_4_0', time=67573.00.
Warning: Teleporting vehicle '160434'; waited too long (yield), lane='56_8_2', time=67613.00.
Warning: Vehicle '160434' ends teleporting on edge '60_1', time 67613.00.
Warning: Vehicle '126570' ends teleporting on edge '32_4', time 67626.00.
Warning: Vehicle '121037' ends teleporting on edge '32_4', time 67626.00.
Warning: Teleporting vehicle '123034'; waited too long (jam), lane='32_3_1', time=67629.00.
Warning: Teleporting vehicle '127517'; waited too long (jam), lane='32_3_1', time=67630.00.
Warning: Vehicle '123034' ends teleporting on edge '32_4', time 67630.00.
Warning: Vehicle '127517' ends teleporting on edge '32_4', time 67632.00.
Warning: Vehicle '126597' ends teleporting on edge '32_5', time 67657.00.
Warning: Vehicle '149530' ends teleporting on edge '32_5', time 67665.00.
Warning: Vehicle '151914' ends teleporting on edge '32_5', time 67682.00.
Warning: Vehicle '151670' ends teleporting on edge '32_5', time 67747.00.
Warning: Vehicle '157074' ends teleporting on edge '32_5', time 67750.00.
Warning: Vehicle '141517' ends teleporting on edge '32_5', time 67753.00.
Warning: Vehicle '156877' ends teleporting on edge '32_5', time 67756.00.
Warning: Vehicle '142617' ends teleporting on edge '27_1', time 67769.00.
Warning: Vehicle '146764' ends teleporting on edge '27_1', time 67770.00.
Warning: Vehicle '151107' ends teleporting on edge '27_1', time 67772.00.
Warning: Vehicle '150744' ends teleporting on edge '27_1', time 67773.00.
Warning: Vehicle '150020' ends teleporting on edge '27_1', time 67774.00.
Warning: Vehicle '152467' ends teleporting on edge '27_1', time 67776.00.
Warning: Vehicle '158554' ends teleporting on edge '27_1', time 67777.00.
Warning: Vehicle '152577' ends teleporting on edge '27_1', time 67778.00.
Warning: Vehicle '155684' ends teleporting on edge '27_1', time 67779.00.
Warning: Vehicle '159230' ends teleporting on edge '27_1', time 67781.00.
Warning: Vehicle '157807' ends teleporting on edge '27_1', time 67782.00.
Warning: Vehicle '134610' ends teleporting on edge '60_1', time 67822.00.
Warning: Vehicle '159060' ends teleporting on edge '32_5', time 67874.00.
Warning: Teleporting vehicle '109740'; waited too long (yield), lane='56_8_2', time=67937.00.
Warning: Vehicle '109740' ends teleporting on edge '60_1', time 67937.00.
Warning: Teleporting vehicle '129547'; waited too long (wrong lane), lane='32_5_0', time=67961.00.
Warning: Vehicle '129547' ends teleporting on edge '27_1', time 67961.00.
Warning: Vehicle '159334' ends teleporting on edge '32_5', time 67981.00.
Warning: Teleporting vehicle '128984'; waited too long (jam), lane='56_7_2', time=68010.00.
Warning: Vehicle '159157' ends teleporting on edge '32_5', time 68017.00.
Warning: Teleporting vehicle '137490'; waited too long (jam), lane='32_4_0', time=68019.00.
Warning: Vehicle '137490' ends teleporting on edge '32_5', time 68020.00.
Warning: Teleporting vehicle '141354'; waited too long (jam), lane='32_4_0', time=68021.00.
Warning: Teleporting vehicle '141240'; waited too long (jam), lane='32_4_0', time=68022.00.
Warning: Teleporting vehicle '142750'; waited too long (jam), lane='32_4_0', time=68023.00.
Warning: Teleporting vehicle '116060'; waited too long (jam), lane='32_4_1', time=68032.00.
Warning: Teleporting vehicle '156570'; waited too long (jam), lane='59_3_1', time=68034.00.
Warning: Teleporting vehicle '137284'; waited too long (jam), lane='59_3_1', time=68035.00.
Warning: Vehicle '156570' ends teleporting on edge '59_4', time 68035.00.
Warning: Vehicle '141354' ends teleporting on edge '32_5', time 68041.00.
Warning: Vehicle '137284' ends teleporting on edge '59_4', time 68086.00.
Warning: Teleporting vehicle '123034'; waited too long (wrong lane), lane='32_5_0', time=68113.00.
Warning: Vehicle '123034' ends teleporting on edge '26_1', time 68113.00.
Warning: Teleporting vehicle '153614'; waited too long (jam), lane='59_3_0', time=68129.00.
Warning: Teleporting vehicle '130364'; waited too long (jam), lane='32_3_1', time=68162.00.
Warning: Vehicle '130364' ends teleporting on edge '32_4', time 68162.00.
Warning: Vehicle '141240' ends teleporting on edge '32_5', time 68163.00.
Warning: Vehicle '142750' ends teleporting on edge '32_5', time 68167.00.
Warning: Teleporting vehicle '159527'; waited too long (jam), lane='32_3_0', time=68187.00.
Warning: Vehicle '159527' ends teleporting on edge '32_4', time 68187.00.
Warning: Teleporting vehicle '159477'; waited too long (jam), lane='32_3_0', time=68188.00.
Warning: Vehicle '159477' ends teleporting on edge '32_4', time 68188.00.
Warning: Teleporting vehicle '159480'; waited too long (jam), lane='32_3_0', time=68191.00.
Warning: Teleporting vehicle '161254'; waited too long (yield), lane='56_8_2', time=68238.00.
Warning: Vehicle '161254' ends teleporting on edge '60_1', time 68238.00.
Warning: Vehicle '116060' ends teleporting on edge '32_5', time 68265.00.
Warning: Teleporting vehicle '159260'; waited too long (wrong lane), lane='59_4_0', time=68268.00.
Warning: Vehicle '159260' ends teleporting on edge '60_1', time 68268.00.
Warning: Vehicle '153614' ends teleporting on edge '59_4', time 68315.00.
Warning: Teleporting vehicle '138170'; waited too long (jam), lane='32_4_0', time=68331.00.
Warning: Vehicle '138170' ends teleporting on edge '32_5', time 68331.00.
Warning: Teleporting vehicle '115300'; waited too long (jam), lane='32_4_1', time=68337.00.
Warning: Vehicle '128984' ends teleporting on edge '60_1', time 68436.00.
Warning: Vehicle '115300' ends teleporting on edge '32_5', time 68481.00.
Warning: Vehicle '159480' ends teleporting on edge '32_4', time 68539.00.
Warning: Teleporting vehicle '104664'; waited too long (yield), lane='56_8_2', time=68566.00.
Warning: Vehicle '104664' ends teleporting on edge '60_1', time 68566.00.
Warning: Teleporting vehicle '149100'; waited too long (jam), lane='56_7_2', time=68624.00.
Warning: Teleporting vehicle '102890'; waited too long (yield), lane='56_8_2', time=68871.00.
Warning: Vehicle '149100' ends teleporting on edge '56_8', time 68871.00.
Warning: Vehicle '102890' ends teleporting on edge '60_1', time 68871.00.
Warning: Teleporting vehicle '129820'; waited too long (jam), lane='56_7_2', time=68955.00.
Warning: Teleporting vehicle '149100'; waited too long (yield), lane='56_8_2', time=69172.00.
Warning: Vehicle '149100' ends teleporting on edge '60_1', time 69172.00.
Warning: Vehicle '129820' ends teleporting on edge '60_1', time 69381.00.
Warning: Teleporting vehicle '105854'; waited too long (yield), lane='56_8_2', time=69477.00.
Warning: Vehicle '105854' ends teleporting on edge '60_1', time 69477.00.
Warning: Teleporting vehicle '131094'; waited too long (wrong lane), lane='59_4_0', time=69515.00.
Warning: Vehicle '131094' ends teleporting on edge '60_1', time 69515.00.
Warning: Teleporting vehicle '106157'; waited too long (yield), lane='56_8_2', time=69826.00.
Warning: Vehicle '106157' ends teleporting on edge '60_1', time 69826.00.
Warning: Teleporting vehicle '105967'; waited too long (yield), lane='56_8_2', time=70189.00.
Warning: Vehicle '105967' ends teleporting on edge '60_1', time 70189.00.
Warning: Teleporting vehicle '144994'; waited too long (jam), lane='56_7_2', time=70276.00.
Warning: Teleporting vehicle '164050'; waited too long (yield), lane='56_8_2', time=70490.00.
Warning: Vehicle '164050' ends teleporting on edge '60_1', time 70490.00.
Warning: Vehicle '144994' ends teleporting on edge '60_1', time 70702.00.
Warning: Teleporting vehicle '108124'; waited too long (yield), lane='56_8_2', time=70818.00.
Warning: Vehicle '108124' ends teleporting on edge '60_1', time 70818.00.
Warning: Teleporting vehicle '126600'; waited too long (jam), lane='32_4_1', time=70953.00.
Warning: Teleporting vehicle '164617'; waited too long (jam), lane='32_4_0', time=70961.00.
Warning: Teleporting vehicle '162654'; waited too long (jam), lane='32_4_0', time=70962.00.
Warning: Vehicle '126600' ends teleporting on edge '32_5', time 70994.00.
Warning: Vehicle '164617' ends teleporting on edge '32_5', time 70994.00.
Warning: Vehicle '162654' ends teleporting on edge '32_5', time 70998.00.
Warning: Teleporting vehicle '108407'; waited too long (yield), lane='56_8_2', time=71177.00.
Warning: Vehicle '108407' ends teleporting on edge '60_1', time 71177.00.
Warning: Teleporting vehicle '132100'; waited too long (jam), lane='56_7_2', time=71204.00.
Warning: Teleporting vehicle '115850'; waited too long (yield), lane='56_8_2', time=71482.00.
Warning: Vehicle '132100' ends teleporting on edge '56_8', time 71482.00.
Warning: Vehicle '115850' ends teleporting on edge '60_1', time 71482.00.
Warning: Teleporting vehicle '141124'; waited too long (jam), lane='56_7_2', time=71564.00.
Warning: Teleporting vehicle '106577'; waited too long (yield), lane='56_8_2', time=71685.00.
Warning: Vehicle '106577' ends teleporting on edge '60_1', time 71685.00.
Warning: Vehicle '141124' ends teleporting on edge '56_8', time 71686.00.
Warning: Teleporting vehicle '164944'; waited too long (wrong lane), lane='56_8_0', time=72196.00.
Warning: Vehicle '164944' ends teleporting on edge '60_1', time 72196.00.
Warning: Teleporting vehicle '159017'; waited too long (wrong lane), lane='56_8_1', time=72222.00.
Warning: Vehicle '159017' ends teleporting on edge '60_1', time 72222.00.
Simulation ended at time: 76358.00
Reason: TraCI requested termination.
Performance: 
 Duration: 824923ms
 Real time factor: 92.5638
 UPS: 45865.515933
Vehicles: 
 Inserted: 50466 (Loaded: 168220)
 Running: 0
 Waiting: 0
Teleports: 332 (Collisions: 37, Jam: 220, Yield: 33, Wrong Lane: 42)

DijkstraRouterEffort answered 50466 queries and explored 90.97 edges on average.
DijkstraRouterEffort spent 2160ms answering queries (0.04ms on average).
